<?xml version="1.0" encoding="UTF-8"?>
<!-- Generated by org.testng.reporters.JUnitReportReporter -->
<testsuite hostname="DESKTOP-NEIRN66" failures="0" tests="1" name="Methods.Engine" time="0.003" errors="0" timestamp="2024-08-27T11:38:36 IST" skipped="0">
  <testcase classname="Methods.Engine" name="pavani" time="0.003"/>
</testsuite> <!-- Methods.Engine -->
